The target system is: Android - 1 - i686
The host system is: Linux - 5.19.0-35-generic - x86_64
Compiling the C compiler identification source file "CMakeCCompilerId.c" succeeded.
Compiler: /media/agnia/_rpo/Android/Sdk/ndk/25.2.9519653/toolchains/llvm/prebuilt/linux-x86_64/bin/clang 
Build flags: -g;-DANDROID;-fdata-sections;-ffunction-sections;-funwind-tables;-fstack-protector-strong;-no-canonical-prefixes;-mstackrealign;-D_FORTIFY_SOURCE=2;-Wformat;-Werror=format-security;
Id flags: -c;--target=i686-none-linux-android19 

The output was:
0


Compilation of the C compiler identification source "CMakeCCompilerId.c" produced "CMakeCCompilerId.o"

The C compiler identification is Clang, found in "/home/agnia/AndroidStudioProjects/ForRPO/libs/mbedtls/build/x86/CMakeFiles/3.22.1-g37088a8/CompilerIdC/CMakeCCompilerId.o"

Detecting C compiler ABI info compiled with the following output:
Change Dir: /home/agnia/AndroidStudioProjects/ForRPO/libs/mbedtls/build/x86/CMakeFiles/CMakeTmp

Run Build Command(s):/usr/bin/gmake -f Makefile cmTC_6795e/fast && /usr/bin/gmake  -f CMakeFiles/cmTC_6795e.dir/build.make CMakeFiles/cmTC_6795e.dir/build
gmake[1]: Entering directory '/home/agnia/AndroidStudioProjects/ForRPO/libs/mbedtls/build/x86/CMakeFiles/CMakeTmp'
Building C object CMakeFiles/cmTC_6795e.dir/CMakeCCompilerABI.c.o
/media/agnia/_rpo/Android/Sdk/ndk/25.2.9519653/toolchains/llvm/prebuilt/linux-x86_64/bin/clang --target=i686-none-linux-android19 --sysroot=/media/agnia/_rpo/Android/Sdk/ndk/25.2.9519653/toolchains/llvm/prebuilt/linux-x86_64/sysroot   -g -DANDROID -fdata-sections -ffunction-sections -funwind-tables -fstack-protector-strong -no-canonical-prefixes -mstackrealign -D_FORTIFY_SOURCE=2 -Wformat   -fPIE   -v -MD -MT CMakeFiles/cmTC_6795e.dir/CMakeCCompilerABI.c.o -MF CMakeFiles/cmTC_6795e.dir/CMakeCCompilerABI.c.o.d -o CMakeFiles/cmTC_6795e.dir/CMakeCCompilerABI.c.o -c /media/agnia/_rpo/Android/Sdk/cmake/3.22.1/share/cmake-3.22/Modules/CMakeCCompilerABI.c
Android (9352603, based on r450784d1) clang version 14.0.7 (https://android.googlesource.com/toolchain/llvm-project 4c603efb0cca074e9238af8b4106c30add4418f6)
Target: i686-none-linux-android19
Thread model: posix
InstalledDir: /media/agnia/_rpo/Android/Sdk/ndk/25.2.9519653/toolchains/llvm/prebuilt/linux-x86_64/bin
 (in-process)
 "/media/agnia/_rpo/Android/Sdk/ndk/25.2.9519653/toolchains/llvm/prebuilt/linux-x86_64/bin/clang" -cc1 -triple i686-none-linux-android19 -emit-obj -mrelax-all --mrelax-relocations -disable-free -clear-ast-before-backend -disable-llvm-verifier -discard-value-names -main-file-name CMakeCCompilerABI.c -mrelocation-model pic -pic-level 2 -pic-is-pie -mframe-pointer=all -ffp-contract=on -fno-rounding-math -mconstructor-aliases -funwind-tables=2 -target-cpu i686 -target-feature +ssse3 -tune-cpu generic -mllvm -treat-scalable-fixed-error-as-warning -debug-info-kind=constructor -dwarf-version=4 -debugger-tuning=gdb -v -ffunction-sections -fdata-sections -fcoverage-compilation-dir=/home/agnia/AndroidStudioProjects/ForRPO/libs/mbedtls/build/x86/CMakeFiles/CMakeTmp -resource-dir /media/agnia/_rpo/Android/Sdk/ndk/25.2.9519653/toolchains/llvm/prebuilt/linux-x86_64/lib64/clang/14.0.7 -dependency-file CMakeFiles/cmTC_6795e.dir/CMakeCCompilerABI.c.o.d -MT CMakeFiles/cmTC_6795e.dir/CMakeCCompilerABI.c.o -sys-header-deps -D ANDROID -D _FORTIFY_SOURCE=2 -isysroot /media/agnia/_rpo/Android/Sdk/ndk/25.2.9519653/toolchains/llvm/prebuilt/linux-x86_64/sysroot -internal-isystem /media/agnia/_rpo/Android/Sdk/ndk/25.2.9519653/toolchains/llvm/prebuilt/linux-x86_64/lib64/clang/14.0.7/include -internal-isystem /media/agnia/_rpo/Android/Sdk/ndk/25.2.9519653/toolchains/llvm/prebuilt/linux-x86_64/sysroot/usr/local/include -internal-externc-isystem /media/agnia/_rpo/Android/Sdk/ndk/25.2.9519653/toolchains/llvm/prebuilt/linux-x86_64/sysroot/usr/include/i686-linux-android -internal-externc-isystem /media/agnia/_rpo/Android/Sdk/ndk/25.2.9519653/toolchains/llvm/prebuilt/linux-x86_64/sysroot/include -internal-externc-isystem /media/agnia/_rpo/Android/Sdk/ndk/25.2.9519653/toolchains/llvm/prebuilt/linux-x86_64/sysroot/usr/include -Wformat -fdebug-compilation-dir=/home/agnia/AndroidStudioProjects/ForRPO/libs/mbedtls/build/x86/CMakeFiles/CMakeTmp -ferror-limit 19 -stack-protector 2 -mstackrealign -fgnuc-version=4.2.1 -D__GCC_HAVE_DWARF2_CFI_ASM=1 -o CMakeFiles/cmTC_6795e.dir/CMakeCCompilerABI.c.o -x c /media/agnia/_rpo/Android/Sdk/cmake/3.22.1/share/cmake-3.22/Modules/CMakeCCompilerABI.c
clang -cc1 version 14.0.7 based upon LLVM 14.0.7git default target x86_64-unknown-linux-gnu
ignoring nonexistent directory "/media/agnia/_rpo/Android/Sdk/ndk/25.2.9519653/toolchains/llvm/prebuilt/linux-x86_64/sysroot/include"
#include "..." search starts here:
#include <...> search starts here:
 /media/agnia/_rpo/Android/Sdk/ndk/25.2.9519653/toolchains/llvm/prebuilt/linux-x86_64/lib64/clang/14.0.7/include
 /media/agnia/_rpo/Android/Sdk/ndk/25.2.9519653/toolchains/llvm/prebuilt/linux-x86_64/sysroot/usr/local/include
 /media/agnia/_rpo/Android/Sdk/ndk/25.2.9519653/toolchains/llvm/prebuilt/linux-x86_64/sysroot/usr/include/i686-linux-android
 /media/agnia/_rpo/Android/Sdk/ndk/25.2.9519653/toolchains/llvm/prebuilt/linux-x86_64/sysroot/usr/include
End of search list.
Linking C executable cmTC_6795e
/media/agnia/_rpo/Android/Sdk/cmake/3.22.1/bin/cmake -E cmake_link_script CMakeFiles/cmTC_6795e.dir/link.txt --verbose=1
/media/agnia/_rpo/Android/Sdk/ndk/25.2.9519653/toolchains/llvm/prebuilt/linux-x86_64/bin/clang --target=i686-none-linux-android19 --sysroot=/media/agnia/_rpo/Android/Sdk/ndk/25.2.9519653/toolchains/llvm/prebuilt/linux-x86_64/sysroot -g -DANDROID -fdata-sections -ffunction-sections -funwind-tables -fstack-protector-strong -no-canonical-prefixes -mstackrealign -D_FORTIFY_SOURCE=2 -Wformat   -static-libstdc++ -Wl,--build-id=sha1 -Wl,--no-rosegment -Wl,--fatal-warnings -Wl,--no-undefined -Qunused-arguments   -v CMakeFiles/cmTC_6795e.dir/CMakeCCompilerABI.c.o -o cmTC_6795e 
Android (9352603, based on r450784d1) clang version 14.0.7 (https://android.googlesource.com/toolchain/llvm-project 4c603efb0cca074e9238af8b4106c30add4418f6)
Target: i686-none-linux-android19
Thread model: posix
InstalledDir: /media/agnia/_rpo/Android/Sdk/ndk/25.2.9519653/toolchains/llvm/prebuilt/linux-x86_64/bin
 "/media/agnia/_rpo/Android/Sdk/ndk/25.2.9519653/toolchains/llvm/prebuilt/linux-x86_64/bin/ld" --sysroot=/media/agnia/_rpo/Android/Sdk/ndk/25.2.9519653/toolchains/llvm/prebuilt/linux-x86_64/sysroot -pie --warn-shared-textrel -z now -z relro --hash-style=gnu --hash-style=both --enable-new-dtags --eh-frame-hdr -m elf_i386 -dynamic-linker /system/bin/linker -o cmTC_6795e /media/agnia/_rpo/Android/Sdk/ndk/25.2.9519653/toolchains/llvm/prebuilt/linux-x86_64/sysroot/usr/lib/i686-linux-android/19/crtbegin_dynamic.o -L/media/agnia/_rpo/Android/Sdk/ndk/25.2.9519653/toolchains/llvm/prebuilt/linux-x86_64/lib64/clang/14.0.7/lib/linux/i386 -L/media/agnia/_rpo/Android/Sdk/ndk/25.2.9519653/toolchains/llvm/prebuilt/linux-x86_64/sysroot/usr/lib/i686-linux-android/19 -L/media/agnia/_rpo/Android/Sdk/ndk/25.2.9519653/toolchains/llvm/prebuilt/linux-x86_64/sysroot/usr/lib/i686-linux-android -L/media/agnia/_rpo/Android/Sdk/ndk/25.2.9519653/toolchains/llvm/prebuilt/linux-x86_64/sysroot/usr/lib --build-id=sha1 --no-rosegment --fatal-warnings --no-undefined CMakeFiles/cmTC_6795e.dir/CMakeCCompilerABI.c.o /media/agnia/_rpo/Android/Sdk/ndk/25.2.9519653/toolchains/llvm/prebuilt/linux-x86_64/lib64/clang/14.0.7/lib/linux/libclang_rt.builtins-i686-android.a -l:libunwind.a -ldl -lc /media/agnia/_rpo/Android/Sdk/ndk/25.2.9519653/toolchains/llvm/prebuilt/linux-x86_64/lib64/clang/14.0.7/lib/linux/libclang_rt.builtins-i686-android.a -l:libunwind.a -ldl /media/agnia/_rpo/Android/Sdk/ndk/25.2.9519653/toolchains/llvm/prebuilt/linux-x86_64/sysroot/usr/lib/i686-linux-android/19/crtend_android.o
gmake[1]: Leaving directory '/home/agnia/AndroidStudioProjects/ForRPO/libs/mbedtls/build/x86/CMakeFiles/CMakeTmp'



Parsed C implicit include dir info from above output: rv=done
  found start of include info
  found start of implicit include info
    add: [/media/agnia/_rpo/Android/Sdk/ndk/25.2.9519653/toolchains/llvm/prebuilt/linux-x86_64/lib64/clang/14.0.7/include]
    add: [/media/agnia/_rpo/Android/Sdk/ndk/25.2.9519653/toolchains/llvm/prebuilt/linux-x86_64/sysroot/usr/local/include]
    add: [/media/agnia/_rpo/Android/Sdk/ndk/25.2.9519653/toolchains/llvm/prebuilt/linux-x86_64/sysroot/usr/include/i686-linux-android]
    add: [/media/agnia/_rpo/Android/Sdk/ndk/25.2.9519653/toolchains/llvm/prebuilt/linux-x86_64/sysroot/usr/include]
  end of search list found
  collapse include dir [/media/agnia/_rpo/Android/Sdk/ndk/25.2.9519653/toolchains/llvm/prebuilt/linux-x86_64/lib64/clang/14.0.7/include] ==> [/media/agnia/_rpo/Android/Sdk/ndk/25.2.9519653/toolchains/llvm/prebuilt/linux-x86_64/lib64/clang/14.0.7/include]
  collapse include dir [/media/agnia/_rpo/Android/Sdk/ndk/25.2.9519653/toolchains/llvm/prebuilt/linux-x86_64/sysroot/usr/local/include] ==> [/media/agnia/_rpo/Android/Sdk/ndk/25.2.9519653/toolchains/llvm/prebuilt/linux-x86_64/sysroot/usr/local/include]
  collapse include dir [/media/agnia/_rpo/Android/Sdk/ndk/25.2.9519653/toolchains/llvm/prebuilt/linux-x86_64/sysroot/usr/include/i686-linux-android] ==> [/media/agnia/_rpo/Android/Sdk/ndk/25.2.9519653/toolchains/llvm/prebuilt/linux-x86_64/sysroot/usr/include/i686-linux-android]
  collapse include dir [/media/agnia/_rpo/Android/Sdk/ndk/25.2.9519653/toolchains/llvm/prebuilt/linux-x86_64/sysroot/usr/include] ==> [/media/agnia/_rpo/Android/Sdk/ndk/25.2.9519653/toolchains/llvm/prebuilt/linux-x86_64/sysroot/usr/include]
  implicit include dirs: [/media/agnia/_rpo/Android/Sdk/ndk/25.2.9519653/toolchains/llvm/prebuilt/linux-x86_64/lib64/clang/14.0.7/include;/media/agnia/_rpo/Android/Sdk/ndk/25.2.9519653/toolchains/llvm/prebuilt/linux-x86_64/sysroot/usr/local/include;/media/agnia/_rpo/Android/Sdk/ndk/25.2.9519653/toolchains/llvm/prebuilt/linux-x86_64/sysroot/usr/include/i686-linux-android;/media/agnia/_rpo/Android/Sdk/ndk/25.2.9519653/toolchains/llvm/prebuilt/linux-x86_64/sysroot/usr/include]


Parsed C implicit link information from above output:
  link line regex: [^( *|.*[/\])(ld\.lld|CMAKE_LINK_STARTFILE-NOTFOUND|([^/\]+-)?ld|collect2)[^/\]*( |$)]
  ignore line: [Change Dir: /home/agnia/AndroidStudioProjects/ForRPO/libs/mbedtls/build/x86/CMakeFiles/CMakeTmp]
  ignore line: []
  ignore line: [Run Build Command(s):/usr/bin/gmake -f Makefile cmTC_6795e/fast && /usr/bin/gmake  -f CMakeFiles/cmTC_6795e.dir/build.make CMakeFiles/cmTC_6795e.dir/build]
  ignore line: [gmake[1]: Entering directory '/home/agnia/AndroidStudioProjects/ForRPO/libs/mbedtls/build/x86/CMakeFiles/CMakeTmp']
  ignore line: [Building C object CMakeFiles/cmTC_6795e.dir/CMakeCCompilerABI.c.o]
  ignore line: [/media/agnia/_rpo/Android/Sdk/ndk/25.2.9519653/toolchains/llvm/prebuilt/linux-x86_64/bin/clang --target=i686-none-linux-android19 --sysroot=/media/agnia/_rpo/Android/Sdk/ndk/25.2.9519653/toolchains/llvm/prebuilt/linux-x86_64/sysroot   -g -DANDROID -fdata-sections -ffunction-sections -funwind-tables -fstack-protector-strong -no-canonical-prefixes -mstackrealign -D_FORTIFY_SOURCE=2 -Wformat   -fPIE   -v -MD -MT CMakeFiles/cmTC_6795e.dir/CMakeCCompilerABI.c.o -MF CMakeFiles/cmTC_6795e.dir/CMakeCCompilerABI.c.o.d -o CMakeFiles/cmTC_6795e.dir/CMakeCCompilerABI.c.o -c /media/agnia/_rpo/Android/Sdk/cmake/3.22.1/share/cmake-3.22/Modules/CMakeCCompilerABI.c]
  ignore line: [Android (9352603  based on r450784d1) clang version 14.0.7 (https://android.googlesource.com/toolchain/llvm-project 4c603efb0cca074e9238af8b4106c30add4418f6)]
  ignore line: [Target: i686-none-linux-android19]
  ignore line: [Thread model: posix]
  ignore line: [InstalledDir: /media/agnia/_rpo/Android/Sdk/ndk/25.2.9519653/toolchains/llvm/prebuilt/linux-x86_64/bin]
  ignore line: [ (in-process)]
  ignore line: [ "/media/agnia/_rpo/Android/Sdk/ndk/25.2.9519653/toolchains/llvm/prebuilt/linux-x86_64/bin/clang" -cc1 -triple i686-none-linux-android19 -emit-obj -mrelax-all --mrelax-relocations -disable-free -clear-ast-before-backend -disable-llvm-verifier -discard-value-names -main-file-name CMakeCCompilerABI.c -mrelocation-model pic -pic-level 2 -pic-is-pie -mframe-pointer=all -ffp-contract=on -fno-rounding-math -mconstructor-aliases -funwind-tables=2 -target-cpu i686 -target-feature +ssse3 -tune-cpu generic -mllvm -treat-scalable-fixed-error-as-warning -debug-info-kind=constructor -dwarf-version=4 -debugger-tuning=gdb -v -ffunction-sections -fdata-sections -fcoverage-compilation-dir=/home/agnia/AndroidStudioProjects/ForRPO/libs/mbedtls/build/x86/CMakeFiles/CMakeTmp -resource-dir /media/agnia/_rpo/Android/Sdk/ndk/25.2.9519653/toolchains/llvm/prebuilt/linux-x86_64/lib64/clang/14.0.7 -dependency-file CMakeFiles/cmTC_6795e.dir/CMakeCCompilerABI.c.o.d -MT CMakeFiles/cmTC_6795e.dir/CMakeCCompilerABI.c.o -sys-header-deps -D ANDROID -D _FORTIFY_SOURCE=2 -isysroot /media/agnia/_rpo/Android/Sdk/ndk/25.2.9519653/toolchains/llvm/prebuilt/linux-x86_64/sysroot -internal-isystem /media/agnia/_rpo/Android/Sdk/ndk/25.2.9519653/toolchains/llvm/prebuilt/linux-x86_64/lib64/clang/14.0.7/include -internal-isystem /media/agnia/_rpo/Android/Sdk/ndk/25.2.9519653/toolchains/llvm/prebuilt/linux-x86_64/sysroot/usr/local/include -internal-externc-isystem /media/agnia/_rpo/Android/Sdk/ndk/25.2.9519653/toolchains/llvm/prebuilt/linux-x86_64/sysroot/usr/include/i686-linux-android -internal-externc-isystem /media/agnia/_rpo/Android/Sdk/ndk/25.2.9519653/toolchains/llvm/prebuilt/linux-x86_64/sysroot/include -internal-externc-isystem /media/agnia/_rpo/Android/Sdk/ndk/25.2.9519653/toolchains/llvm/prebuilt/linux-x86_64/sysroot/usr/include -Wformat -fdebug-compilation-dir=/home/agnia/AndroidStudioProjects/ForRPO/libs/mbedtls/build/x86/CMakeFiles/CMakeTmp -ferror-limit 19 -stack-protector 2 -mstackrealign -fgnuc-version=4.2.1 -D__GCC_HAVE_DWARF2_CFI_ASM=1 -o CMakeFiles/cmTC_6795e.dir/CMakeCCompilerABI.c.o -x c /media/agnia/_rpo/Android/Sdk/cmake/3.22.1/share/cmake-3.22/Modules/CMakeCCompilerABI.c]
  ignore line: [clang -cc1 version 14.0.7 based upon LLVM 14.0.7git default target x86_64-unknown-linux-gnu]
  ignore line: [ignoring nonexistent directory "/media/agnia/_rpo/Android/Sdk/ndk/25.2.9519653/toolchains/llvm/prebuilt/linux-x86_64/sysroot/include"]
  ignore line: [#include "..." search starts here:]
  ignore line: [#include <...> search starts here:]
  ignore line: [ /media/agnia/_rpo/Android/Sdk/ndk/25.2.9519653/toolchains/llvm/prebuilt/linux-x86_64/lib64/clang/14.0.7/include]
  ignore line: [ /media/agnia/_rpo/Android/Sdk/ndk/25.2.9519653/toolchains/llvm/prebuilt/linux-x86_64/sysroot/usr/local/include]
  ignore line: [ /media/agnia/_rpo/Android/Sdk/ndk/25.2.9519653/toolchains/llvm/prebuilt/linux-x86_64/sysroot/usr/include/i686-linux-android]
  ignore line: [ /media/agnia/_rpo/Android/Sdk/ndk/25.2.9519653/toolchains/llvm/prebuilt/linux-x86_64/sysroot/usr/include]
  ignore line: [End of search list.]
  ignore line: [Linking C executable cmTC_6795e]
  ignore line: [/media/agnia/_rpo/Android/Sdk/cmake/3.22.1/bin/cmake -E cmake_link_script CMakeFiles/cmTC_6795e.dir/link.txt --verbose=1]
  ignore line: [/media/agnia/_rpo/Android/Sdk/ndk/25.2.9519653/toolchains/llvm/prebuilt/linux-x86_64/bin/clang --target=i686-none-linux-android19 --sysroot=/media/agnia/_rpo/Android/Sdk/ndk/25.2.9519653/toolchains/llvm/prebuilt/linux-x86_64/sysroot -g -DANDROID -fdata-sections -ffunction-sections -funwind-tables -fstack-protector-strong -no-canonical-prefixes -mstackrealign -D_FORTIFY_SOURCE=2 -Wformat   -static-libstdc++ -Wl --build-id=sha1 -Wl --no-rosegment -Wl --fatal-warnings -Wl --no-undefined -Qunused-arguments   -v CMakeFiles/cmTC_6795e.dir/CMakeCCompilerABI.c.o -o cmTC_6795e ]
  ignore line: [Android (9352603  based on r450784d1) clang version 14.0.7 (https://android.googlesource.com/toolchain/llvm-project 4c603efb0cca074e9238af8b4106c30add4418f6)]
  ignore line: [Target: i686-none-linux-android19]
  ignore line: [Thread model: posix]
  ignore line: [InstalledDir: /media/agnia/_rpo/Android/Sdk/ndk/25.2.9519653/toolchains/llvm/prebuilt/linux-x86_64/bin]
  link line: [ "/media/agnia/_rpo/Android/Sdk/ndk/25.2.9519653/toolchains/llvm/prebuilt/linux-x86_64/bin/ld" --sysroot=/media/agnia/_rpo/Android/Sdk/ndk/25.2.9519653/toolchains/llvm/prebuilt/linux-x86_64/sysroot -pie --warn-shared-textrel -z now -z relro --hash-style=gnu --hash-style=both --enable-new-dtags --eh-frame-hdr -m elf_i386 -dynamic-linker /system/bin/linker -o cmTC_6795e /media/agnia/_rpo/Android/Sdk/ndk/25.2.9519653/toolchains/llvm/prebuilt/linux-x86_64/sysroot/usr/lib/i686-linux-android/19/crtbegin_dynamic.o -L/media/agnia/_rpo/Android/Sdk/ndk/25.2.9519653/toolchains/llvm/prebuilt/linux-x86_64/lib64/clang/14.0.7/lib/linux/i386 -L/media/agnia/_rpo/Android/Sdk/ndk/25.2.9519653/toolchains/llvm/prebuilt/linux-x86_64/sysroot/usr/lib/i686-linux-android/19 -L/media/agnia/_rpo/Android/Sdk/ndk/25.2.9519653/toolchains/llvm/prebuilt/linux-x86_64/sysroot/usr/lib/i686-linux-android -L/media/agnia/_rpo/Android/Sdk/ndk/25.2.9519653/toolchains/llvm/prebuilt/linux-x86_64/sysroot/usr/lib --build-id=sha1 --no-rosegment --fatal-warnings --no-undefined CMakeFiles/cmTC_6795e.dir/CMakeCCompilerABI.c.o /media/agnia/_rpo/Android/Sdk/ndk/25.2.9519653/toolchains/llvm/prebuilt/linux-x86_64/lib64/clang/14.0.7/lib/linux/libclang_rt.builtins-i686-android.a -l:libunwind.a -ldl -lc /media/agnia/_rpo/Android/Sdk/ndk/25.2.9519653/toolchains/llvm/prebuilt/linux-x86_64/lib64/clang/14.0.7/lib/linux/libclang_rt.builtins-i686-android.a -l:libunwind.a -ldl /media/agnia/_rpo/Android/Sdk/ndk/25.2.9519653/toolchains/llvm/prebuilt/linux-x86_64/sysroot/usr/lib/i686-linux-android/19/crtend_android.o]
    arg [/media/agnia/_rpo/Android/Sdk/ndk/25.2.9519653/toolchains/llvm/prebuilt/linux-x86_64/bin/ld] ==> ignore
    arg [--sysroot=/media/agnia/_rpo/Android/Sdk/ndk/25.2.9519653/toolchains/llvm/prebuilt/linux-x86_64/sysroot] ==> ignore
    arg [-pie] ==> ignore
    arg [--warn-shared-textrel] ==> ignore
    arg [-znow] ==> ignore
    arg [-zrelro] ==> ignore
    arg [--hash-style=gnu] ==> ignore
    arg [--hash-style=both] ==> ignore
    arg [--enable-new-dtags] ==> ignore
    arg [--eh-frame-hdr] ==> ignore
    arg [-m] ==> ignore
    arg [elf_i386] ==> ignore
    arg [-dynamic-linker] ==> ignore
    arg [/system/bin/linker] ==> ignore
    arg [-o] ==> ignore
    arg [cmTC_6795e] ==> ignore
    arg [/media/agnia/_rpo/Android/Sdk/ndk/25.2.9519653/toolchains/llvm/prebuilt/linux-x86_64/sysroot/usr/lib/i686-linux-android/19/crtbegin_dynamic.o] ==> obj [/media/agnia/_rpo/Android/Sdk/ndk/25.2.9519653/toolchains/llvm/prebuilt/linux-x86_64/sysroot/usr/lib/i686-linux-android/19/crtbegin_dynamic.o]
    arg [-L/media/agnia/_rpo/Android/Sdk/ndk/25.2.9519653/toolchains/llvm/prebuilt/linux-x86_64/lib64/clang/14.0.7/lib/linux/i386] ==> dir [/media/agnia/_rpo/Android/Sdk/ndk/25.2.9519653/toolchains/llvm/prebuilt/linux-x86_64/lib64/clang/14.0.7/lib/linux/i386]
    arg [-L/media/agnia/_rpo/Android/Sdk/ndk/25.2.9519653/toolchains/llvm/prebuilt/linux-x86_64/sysroot/usr/lib/i686-linux-android/19] ==> dir [/media/agnia/_rpo/Android/Sdk/ndk/25.2.9519653/toolchains/llvm/prebuilt/linux-x86_64/sysroot/usr/lib/i686-linux-android/19]
    arg [-L/media/agnia/_rpo/Android/Sdk/ndk/25.2.9519653/toolchains/llvm/prebuilt/linux-x86_64/sysroot/usr/lib/i686-linux-android] ==> dir [/media/agnia/_rpo/Android/Sdk/ndk/25.2.9519653/toolchains/llvm/prebuilt/linux-x86_64/sysroot/usr/lib/i686-linux-android]
    arg [-L/media/agnia/_rpo/Android/Sdk/ndk/25.2.9519653/toolchains/llvm/prebuilt/linux-x86_64/sysroot/usr/lib] ==> dir [/media/agnia/_rpo/Android/Sdk/ndk/25.2.9519653/toolchains/llvm/prebuilt/linux-x86_64/sysroot/usr/lib]
    arg [--build-id=sha1] ==> ignore
    arg [--no-rosegment] ==> ignore
    arg [--fatal-warnings] ==> ignore
    arg [--no-undefined] ==> ignore
    arg [CMakeFiles/cmTC_6795e.dir/CMakeCCompilerABI.c.o] ==> ignore
    arg [/media/agnia/_rpo/Android/Sdk/ndk/25.2.9519653/toolchains/llvm/prebuilt/linux-x86_64/lib64/clang/14.0.7/lib/linux/libclang_rt.builtins-i686-android.a] ==> lib [/media/agnia/_rpo/Android/Sdk/ndk/25.2.9519653/toolchains/llvm/prebuilt/linux-x86_64/lib64/clang/14.0.7/lib/linux/libclang_rt.builtins-i686-android.a]
    arg [-l:libunwind.a] ==> lib [-l:libunwind.a]
    arg [-ldl] ==> lib [dl]
    arg [-lc] ==> lib [c]
    arg [/media/agnia/_rpo/Android/Sdk/ndk/25.2.9519653/toolchains/llvm/prebuilt/linux-x86_64/lib64/clang/14.0.7/lib/linux/libclang_rt.builtins-i686-android.a] ==> lib [/media/agnia/_rpo/Android/Sdk/ndk/25.2.9519653/toolchains/llvm/prebuilt/linux-x86_64/lib64/clang/14.0.7/lib/linux/libclang_rt.builtins-i686-android.a]
    arg [-l:libunwind.a] ==> lib [-l:libunwind.a]
    arg [-ldl] ==> lib [dl]
    arg [/media/agnia/_rpo/Android/Sdk/ndk/25.2.9519653/toolchains/llvm/prebuilt/linux-x86_64/sysroot/usr/lib/i686-linux-android/19/crtend_android.o] ==> obj [/media/agnia/_rpo/Android/Sdk/ndk/25.2.9519653/toolchains/llvm/prebuilt/linux-x86_64/sysroot/usr/lib/i686-linux-android/19/crtend_android.o]
  remove lib [/media/agnia/_rpo/Android/Sdk/ndk/25.2.9519653/toolchains/llvm/prebuilt/linux-x86_64/lib64/clang/14.0.7/lib/linux/libclang_rt.builtins-i686-android.a]
  remove lib [/media/agnia/_rpo/Android/Sdk/ndk/25.2.9519653/toolchains/llvm/prebuilt/linux-x86_64/lib64/clang/14.0.7/lib/linux/libclang_rt.builtins-i686-android.a]
  collapse library dir [/media/agnia/_rpo/Android/Sdk/ndk/25.2.9519653/toolchains/llvm/prebuilt/linux-x86_64/lib64/clang/14.0.7/lib/linux/i386] ==> [/media/agnia/_rpo/Android/Sdk/ndk/25.2.9519653/toolchains/llvm/prebuilt/linux-x86_64/lib64/clang/14.0.7/lib/linux/i386]
  collapse library dir [/media/agnia/_rpo/Android/Sdk/ndk/25.2.9519653/toolchains/llvm/prebuilt/linux-x86_64/sysroot/usr/lib/i686-linux-android/19] ==> [/media/agnia/_rpo/Android/Sdk/ndk/25.2.9519653/toolchains/llvm/prebuilt/linux-x86_64/sysroot/usr/lib/i686-linux-android/19]
  collapse library dir [/media/agnia/_rpo/Android/Sdk/ndk/25.2.9519653/toolchains/llvm/prebuilt/linux-x86_64/sysroot/usr/lib/i686-linux-android] ==> [/media/agnia/_rpo/Android/Sdk/ndk/25.2.9519653/toolchains/llvm/prebuilt/linux-x86_64/sysroot/usr/lib/i686-linux-android]
  collapse library dir [/media/agnia/_rpo/Android/Sdk/ndk/25.2.9519653/toolchains/llvm/prebuilt/linux-x86_64/sysroot/usr/lib] ==> [/media/agnia/_rpo/Android/Sdk/ndk/25.2.9519653/toolchains/llvm/prebuilt/linux-x86_64/sysroot/usr/lib]
  implicit libs: [-l:libunwind.a;dl;c;-l:libunwind.a;dl]
  implicit objs: [/media/agnia/_rpo/Android/Sdk/ndk/25.2.9519653/toolchains/llvm/prebuilt/linux-x86_64/sysroot/usr/lib/i686-linux-android/19/crtbegin_dynamic.o;/media/agnia/_rpo/Android/Sdk/ndk/25.2.9519653/toolchains/llvm/prebuilt/linux-x86_64/sysroot/usr/lib/i686-linux-android/19/crtend_android.o]
  implicit dirs: [/media/agnia/_rpo/Android/Sdk/ndk/25.2.9519653/toolchains/llvm/prebuilt/linux-x86_64/lib64/clang/14.0.7/lib/linux/i386;/media/agnia/_rpo/Android/Sdk/ndk/25.2.9519653/toolchains/llvm/prebuilt/linux-x86_64/sysroot/usr/lib/i686-linux-android/19;/media/agnia/_rpo/Android/Sdk/ndk/25.2.9519653/toolchains/llvm/prebuilt/linux-x86_64/sysroot/usr/lib/i686-linux-android;/media/agnia/_rpo/Android/Sdk/ndk/25.2.9519653/toolchains/llvm/prebuilt/linux-x86_64/sysroot/usr/lib]
  implicit fwks: []


Determining if the include file pthread.h exists passed with the following output:
Change Dir: /home/agnia/AndroidStudioProjects/ForRPO/libs/mbedtls/build/x86/CMakeFiles/CMakeTmp

Run Build Command(s):/usr/bin/gmake -f Makefile cmTC_863a4/fast && /usr/bin/gmake  -f CMakeFiles/cmTC_863a4.dir/build.make CMakeFiles/cmTC_863a4.dir/build
gmake[1]: вход в каталог «/home/agnia/AndroidStudioProjects/ForRPO/libs/mbedtls/build/x86/CMakeFiles/CMakeTmp»
Building C object CMakeFiles/cmTC_863a4.dir/CheckIncludeFile.c.o
/media/agnia/_rpo/Android/Sdk/ndk/25.2.9519653/toolchains/llvm/prebuilt/linux-x86_64/bin/clang --target=i686-none-linux-android19 --sysroot=/media/agnia/_rpo/Android/Sdk/ndk/25.2.9519653/toolchains/llvm/prebuilt/linux-x86_64/sysroot   -g -DANDROID -fdata-sections -ffunction-sections -funwind-tables -fstack-protector-strong -no-canonical-prefixes -mstackrealign -D_FORTIFY_SOURCE=2 -Wformat -Werror=format-security  -Wall -Wextra -Wwrite-strings -Wpointer-arith -Wimplicit-fallthrough -Wshadow -Wvla -Wformat=2 -Wno-format-nonliteral -Werror  -fPIE -MD -MT CMakeFiles/cmTC_863a4.dir/CheckIncludeFile.c.o -MF CMakeFiles/cmTC_863a4.dir/CheckIncludeFile.c.o.d -o CMakeFiles/cmTC_863a4.dir/CheckIncludeFile.c.o -c /home/agnia/AndroidStudioProjects/ForRPO/libs/mbedtls/build/x86/CMakeFiles/CMakeTmp/CheckIncludeFile.c
Linking C executable cmTC_863a4
/media/agnia/_rpo/Android/Sdk/cmake/3.22.1/bin/cmake -E cmake_link_script CMakeFiles/cmTC_863a4.dir/link.txt --verbose=1
/media/agnia/_rpo/Android/Sdk/ndk/25.2.9519653/toolchains/llvm/prebuilt/linux-x86_64/bin/clang --target=i686-none-linux-android19 --sysroot=/media/agnia/_rpo/Android/Sdk/ndk/25.2.9519653/toolchains/llvm/prebuilt/linux-x86_64/sysroot -g -DANDROID -fdata-sections -ffunction-sections -funwind-tables -fstack-protector-strong -no-canonical-prefixes -mstackrealign -D_FORTIFY_SOURCE=2 -Wformat -Werror=format-security  -Wall -Wextra -Wwrite-strings -Wpointer-arith -Wimplicit-fallthrough -Wshadow -Wvla -Wformat=2 -Wno-format-nonliteral -Werror  -static-libstdc++ -Wl,--build-id=sha1 -Wl,--no-rosegment -Wl,--fatal-warnings -Wl,--no-undefined -Qunused-arguments    CMakeFiles/cmTC_863a4.dir/CheckIncludeFile.c.o -o cmTC_863a4  -latomic -lm 
gmake[1]: выход из каталога «/home/agnia/AndroidStudioProjects/ForRPO/libs/mbedtls/build/x86/CMakeFiles/CMakeTmp»



