Performing C SOURCE FILE Test CMAKE_HAVE_LIBC_PTHREAD failed with the following output:
Change Dir: /home/agnia/AndroidStudioProjects/ForRPO/libs/mbedtls/build/x86/CMakeFiles/CMakeTmp

Run Build Command(s):/usr/bin/gmake -f Makefile cmTC_87de0/fast && /usr/bin/gmake  -f CMakeFiles/cmTC_87de0.dir/build.make CMakeFiles/cmTC_87de0.dir/build
gmake[1]: вход в каталог «/home/agnia/AndroidStudioProjects/ForRPO/libs/mbedtls/build/x86/CMakeFiles/CMakeTmp»
Building C object CMakeFiles/cmTC_87de0.dir/src.c.o
/media/agnia/_rpo/Android/Sdk/ndk/25.2.9519653/toolchains/llvm/prebuilt/linux-x86_64/bin/clang --target=i686-none-linux-android19 --sysroot=/media/agnia/_rpo/Android/Sdk/ndk/25.2.9519653/toolchains/llvm/prebuilt/linux-x86_64/sysroot -DCMAKE_HAVE_LIBC_PTHREAD  -g -DANDROID -fdata-sections -ffunction-sections -funwind-tables -fstack-protector-strong -no-canonical-prefixes -mstackrealign -D_FORTIFY_SOURCE=2 -Wformat -Werror=format-security  -Wall -Wextra -Wwrite-strings -Wpointer-arith -Wimplicit-fallthrough -Wshadow -Wvla -Wformat=2 -Wno-format-nonliteral -Werror  -fPIE -MD -MT CMakeFiles/cmTC_87de0.dir/src.c.o -MF CMakeFiles/cmTC_87de0.dir/src.c.o.d -o CMakeFiles/cmTC_87de0.dir/src.c.o -c /home/agnia/AndroidStudioProjects/ForRPO/libs/mbedtls/build/x86/CMakeFiles/CMakeTmp/src.c
/home/agnia/AndroidStudioProjects/ForRPO/libs/mbedtls/build/x86/CMakeFiles/CMakeTmp/src.c:13:3: error: implicit declaration of function 'pthread_cancel' is invalid in C99 [-Werror,-Wimplicit-function-declaration]
  pthread_cancel(thread);
  ^
/home/agnia/AndroidStudioProjects/ForRPO/libs/mbedtls/build/x86/CMakeFiles/CMakeTmp/src.c:13:3: note: did you mean 'pthread_once'?
/media/agnia/_rpo/Android/Sdk/ndk/25.2.9519653/toolchains/llvm/prebuilt/linux-x86_64/sysroot/usr/include/pthread.h:275:5: note: 'pthread_once' declared here
int pthread_once(pthread_once_t* __once, void (*__init_routine)(void));
    ^
1 error generated.
gmake[1]: *** [CMakeFiles/cmTC_87de0.dir/build.make:79: CMakeFiles/cmTC_87de0.dir/src.c.o] Ошибка 1
gmake[1]: выход из каталога «/home/agnia/AndroidStudioProjects/ForRPO/libs/mbedtls/build/x86/CMakeFiles/CMakeTmp»
gmake: *** [Makefile:127: cmTC_87de0/fast] Ошибка 2


Source file was:
#include <pthread.h>

static void* test_func(void* data)
{
  return data;
}

int main(void)
{
  pthread_t thread;
  pthread_create(&thread, NULL, test_func, NULL);
  pthread_detach(thread);
  pthread_cancel(thread);
  pthread_join(thread, NULL);
  pthread_atfork(NULL, NULL, NULL);
  pthread_exit(NULL);

  return 0;
}

Determining if the function pthread_create exists in the pthreads failed with the following output:
Change Dir: /home/agnia/AndroidStudioProjects/ForRPO/libs/mbedtls/build/x86/CMakeFiles/CMakeTmp

Run Build Command(s):/usr/bin/gmake -f Makefile cmTC_93fc7/fast && /usr/bin/gmake  -f CMakeFiles/cmTC_93fc7.dir/build.make CMakeFiles/cmTC_93fc7.dir/build
gmake[1]: вход в каталог «/home/agnia/AndroidStudioProjects/ForRPO/libs/mbedtls/build/x86/CMakeFiles/CMakeTmp»
Building C object CMakeFiles/cmTC_93fc7.dir/CheckFunctionExists.c.o
/media/agnia/_rpo/Android/Sdk/ndk/25.2.9519653/toolchains/llvm/prebuilt/linux-x86_64/bin/clang --target=i686-none-linux-android19 --sysroot=/media/agnia/_rpo/Android/Sdk/ndk/25.2.9519653/toolchains/llvm/prebuilt/linux-x86_64/sysroot   -g -DANDROID -fdata-sections -ffunction-sections -funwind-tables -fstack-protector-strong -no-canonical-prefixes -mstackrealign -D_FORTIFY_SOURCE=2 -Wformat -Werror=format-security  -Wall -Wextra -Wwrite-strings -Wpointer-arith -Wimplicit-fallthrough -Wshadow -Wvla -Wformat=2 -Wno-format-nonliteral -Werror -DCHECK_FUNCTION_EXISTS=pthread_create -fPIE -MD -MT CMakeFiles/cmTC_93fc7.dir/CheckFunctionExists.c.o -MF CMakeFiles/cmTC_93fc7.dir/CheckFunctionExists.c.o.d -o CMakeFiles/cmTC_93fc7.dir/CheckFunctionExists.c.o -c /media/agnia/_rpo/Android/Sdk/cmake/3.22.1/share/cmake-3.22/Modules/CheckFunctionExists.c
Linking C executable cmTC_93fc7
/media/agnia/_rpo/Android/Sdk/cmake/3.22.1/bin/cmake -E cmake_link_script CMakeFiles/cmTC_93fc7.dir/link.txt --verbose=1
/media/agnia/_rpo/Android/Sdk/ndk/25.2.9519653/toolchains/llvm/prebuilt/linux-x86_64/bin/clang --target=i686-none-linux-android19 --sysroot=/media/agnia/_rpo/Android/Sdk/ndk/25.2.9519653/toolchains/llvm/prebuilt/linux-x86_64/sysroot -g -DANDROID -fdata-sections -ffunction-sections -funwind-tables -fstack-protector-strong -no-canonical-prefixes -mstackrealign -D_FORTIFY_SOURCE=2 -Wformat -Werror=format-security  -Wall -Wextra -Wwrite-strings -Wpointer-arith -Wimplicit-fallthrough -Wshadow -Wvla -Wformat=2 -Wno-format-nonliteral -Werror -DCHECK_FUNCTION_EXISTS=pthread_create -static-libstdc++ -Wl,--build-id=sha1 -Wl,--no-rosegment -Wl,--fatal-warnings -Wl,--no-undefined -Qunused-arguments    CMakeFiles/cmTC_93fc7.dir/CheckFunctionExists.c.o -o cmTC_93fc7  -lpthreads -latomic -lm 
ld: error: unable to find library -lpthreads
clang: error: linker command failed with exit code 1 (use -v to see invocation)
gmake[1]: *** [CMakeFiles/cmTC_93fc7.dir/build.make:100: cmTC_93fc7] Ошибка 1
gmake[1]: выход из каталога «/home/agnia/AndroidStudioProjects/ForRPO/libs/mbedtls/build/x86/CMakeFiles/CMakeTmp»
gmake: *** [Makefile:127: cmTC_93fc7/fast] Ошибка 2



Determining if the function pthread_create exists in the pthread failed with the following output:
Change Dir: /home/agnia/AndroidStudioProjects/ForRPO/libs/mbedtls/build/x86/CMakeFiles/CMakeTmp

Run Build Command(s):/usr/bin/gmake -f Makefile cmTC_0d700/fast && /usr/bin/gmake  -f CMakeFiles/cmTC_0d700.dir/build.make CMakeFiles/cmTC_0d700.dir/build
gmake[1]: вход в каталог «/home/agnia/AndroidStudioProjects/ForRPO/libs/mbedtls/build/x86/CMakeFiles/CMakeTmp»
Building C object CMakeFiles/cmTC_0d700.dir/CheckFunctionExists.c.o
/media/agnia/_rpo/Android/Sdk/ndk/25.2.9519653/toolchains/llvm/prebuilt/linux-x86_64/bin/clang --target=i686-none-linux-android19 --sysroot=/media/agnia/_rpo/Android/Sdk/ndk/25.2.9519653/toolchains/llvm/prebuilt/linux-x86_64/sysroot   -g -DANDROID -fdata-sections -ffunction-sections -funwind-tables -fstack-protector-strong -no-canonical-prefixes -mstackrealign -D_FORTIFY_SOURCE=2 -Wformat -Werror=format-security  -Wall -Wextra -Wwrite-strings -Wpointer-arith -Wimplicit-fallthrough -Wshadow -Wvla -Wformat=2 -Wno-format-nonliteral -Werror -DCHECK_FUNCTION_EXISTS=pthread_create -fPIE -MD -MT CMakeFiles/cmTC_0d700.dir/CheckFunctionExists.c.o -MF CMakeFiles/cmTC_0d700.dir/CheckFunctionExists.c.o.d -o CMakeFiles/cmTC_0d700.dir/CheckFunctionExists.c.o -c /media/agnia/_rpo/Android/Sdk/cmake/3.22.1/share/cmake-3.22/Modules/CheckFunctionExists.c
Linking C executable cmTC_0d700
/media/agnia/_rpo/Android/Sdk/cmake/3.22.1/bin/cmake -E cmake_link_script CMakeFiles/cmTC_0d700.dir/link.txt --verbose=1
/media/agnia/_rpo/Android/Sdk/ndk/25.2.9519653/toolchains/llvm/prebuilt/linux-x86_64/bin/clang --target=i686-none-linux-android19 --sysroot=/media/agnia/_rpo/Android/Sdk/ndk/25.2.9519653/toolchains/llvm/prebuilt/linux-x86_64/sysroot -g -DANDROID -fdata-sections -ffunction-sections -funwind-tables -fstack-protector-strong -no-canonical-prefixes -mstackrealign -D_FORTIFY_SOURCE=2 -Wformat -Werror=format-security  -Wall -Wextra -Wwrite-strings -Wpointer-arith -Wimplicit-fallthrough -Wshadow -Wvla -Wformat=2 -Wno-format-nonliteral -Werror -DCHECK_FUNCTION_EXISTS=pthread_create -static-libstdc++ -Wl,--build-id=sha1 -Wl,--no-rosegment -Wl,--fatal-warnings -Wl,--no-undefined -Qunused-arguments    CMakeFiles/cmTC_0d700.dir/CheckFunctionExists.c.o -o cmTC_0d700  -lpthread -latomic -lm 
ld: error: unable to find library -lpthread
clang: error: linker command failed with exit code 1 (use -v to see invocation)
gmake[1]: *** [CMakeFiles/cmTC_0d700.dir/build.make:100: cmTC_0d700] Ошибка 1
gmake[1]: выход из каталога «/home/agnia/AndroidStudioProjects/ForRPO/libs/mbedtls/build/x86/CMakeFiles/CMakeTmp»
gmake: *** [Makefile:127: cmTC_0d700/fast] Ошибка 2



